<?xml version="1.0" encoding="UTF-8"?>
<testsuite name="org.fundacionjala.kata.TestHighAndLow" tests="1" skipped="0" failures="0" errors="0" timestamp="2016-10-05T18:24:50" hostname="C302-04" time="0.003">
  <properties/>
  <testcase name="highAndLowTest" classname="org.fundacionjala.kata.TestHighAndLow" time="0.003"/>
  <system-out><![CDATA[]]></system-out>
  <system-err><![CDATA[]]></system-err>
</testsuite>
